2023-06-26T19:27:33+00:00 ERROR Error getting data feed
2023-06-26T19:27:33+00:00 ERROR WP_Error Object
(
    [errors] => Array
        (
            [http_request_failed] => Array
                (
                    [0] => cURL error 7: Failed to connect to woocommerce.com port 443 after 218 ms: Couldn't connect to server
                )

        )

    [error_data] => Array
        (
        )

    [additional_data:protected] => Array
        (
        )

)

2023-06-26T19:27:33+00:00 ERROR Error getting data feed
2023-06-26T19:27:33+00:00 ERROR WP_Error Object
(
    [errors] => Array
        (
            [http_request_failed] => Array
                (
                    [0] => cURL error 7: Failed to connect to woocommerce.com port 443 after 210 ms: Couldn't connect to server
                )

        )

    [error_data] => Array
        (
        )

    [additional_data:protected] => Array
        (
        )

)

